<?xml version="1.0" encoding="UTF-8"?>
<testsuite name="com.odsupport.api.v1.domain.posts.PostsRepositoryTest" tests="2" skipped="0" failures="0" errors="0" timestamp="2021-03-13T15:54:27" hostname="DESKTOP-TDR7N46" time="0.153">
  <properties/>
  <testcase name="게시글저장_불러오기" classname="com.odsupport.api.v1.domain.posts.PostsRepositoryTest" time="0.133"/>
  <testcase name="baseTimeEntity_등록" classname="com.odsupport.api.v1.domain.posts.PostsRepositoryTest" time="0.019"/>
  <system-out><![CDATA[
  .   ____          _            __ _ _
 /\\ / ___'_ __ _ _(_)_ __  __ _ \ \ \ \
( ( )\___ | '_ | '_| | '_ \/ _` | \ \ \ \
 \\/  ___)| |_)| | | | | || (_| |  ) ) ) )
  '  |____| .__|_| |_|_| |_\__, | / / / /
 =========|_|==============|___/=/_/_/_/
 :: Spring Boot ::        (v2.3.9.RELEASE)

2021-03-14 00:54:25.272  INFO 17156 --- [    Test worker] c.o.a.v.d.posts.PostsRepositoryTest      : Starting PostsRepositoryTest on DESKTOP-TDR7N46 with PID 17156 (started by croni in E:\ODSupport)
2021-03-14 00:54:25.272  INFO 17156 --- [    Test worker] c.o.a.v.d.posts.PostsRepositoryTest      : The following profiles are active: oauth
2021-03-14 00:54:25.477  INFO 17156 --- [    Test worker] .s.d.r.c.RepositoryConfigurationDelegate : Bootstrapping Spring Data JPA repositories in DEFAULT mode.
2021-03-14 00:54:25.512  INFO 17156 --- [    Test worker] .s.d.r.c.RepositoryConfigurationDelegate : Finished Spring Data repository scanning in 29ms. Found 2 JPA repository interfaces.
2021-03-14 00:54:25.757  INFO 17156 --- [    Test worker] com.zaxxer.hikari.HikariDataSource       : HikariPool-1 - Starting...
2021-03-14 00:54:25.888  INFO 17156 --- [    Test worker] com.zaxxer.hikari.HikariDataSource       : HikariPool-1 - Start completed.
2021-03-14 00:54:25.952  INFO 17156 --- [    Test worker] o.hibernate.jpa.internal.util.LogHelper  : HHH000204: Processing PersistenceUnitInfo [name: default]
2021-03-14 00:54:25.997  INFO 17156 --- [    Test worker] org.hibernate.Version                    : HHH000412: Hibernate ORM core version 5.4.28.Final
2021-03-14 00:54:26.032  INFO 17156 --- [    Test worker] o.hibernate.annotations.common.Version   : HCANN000001: Hibernate Commons Annotations {5.1.2.Final}
2021-03-14 00:54:26.119  INFO 17156 --- [    Test worker] org.hibernate.dialect.Dialect            : HHH000400: Using dialect: org.hibernate.dialect.MySQL57Dialect
Hibernate: drop table if exists posts
Hibernate: drop table if exists user
Hibernate: create table posts (id bigint not null auto_increment, create_date datetime(6), modified_date datetime(6), author varchar(255), content TEXT not null, title varchar(500) not null, primary key (id)) engine=InnoDB
Hibernate: create table user (id bigint not null auto_increment, create_date datetime(6), modified_date datetime(6), email varchar(255) not null, name varchar(255) not null, picture varchar(255), role varchar(255) not null, primary key (id)) engine=InnoDB
2021-03-14 00:54:26.476  INFO 17156 --- [    Test worker] o.h.e.t.j.p.i.JtaPlatformInitiator       : HHH000490: Using JtaPlatform implementation: [org.hibernate.engine.transaction.jta.platform.internal.NoJtaPlatform]
2021-03-14 00:54:26.482  INFO 17156 --- [    Test worker] j.LocalContainerEntityManagerFactoryBean : Initialized JPA EntityManagerFactory for persistence unit 'default'
2021-03-14 00:54:26.751  WARN 17156 --- [    Test worker] JpaBaseConfiguration$JpaWebConfiguration : spring.jpa.open-in-view is enabled by default. Therefore, database queries may be performed during view rendering. Explicitly configure spring.jpa.open-in-view to disable this warning
2021-03-14 00:54:26.986  INFO 17156 --- [    Test worker] o.s.s.web.DefaultSecurityFilterChain     : Creating filter chain: any request, [org.springframework.security.web.context.request.async.WebAsyncManagerIntegrationFilter@8b2604c, org.springframework.security.web.context.SecurityContextPersistenceFilter@362a5b05, org.springframework.security.web.header.HeaderWriterFilter@449b4109, org.springframework.security.web.authentication.logout.LogoutFilter@798af785, org.springframework.security.oauth2.client.web.OAuth2AuthorizationRequestRedirectFilter@40707b79, org.springframework.security.oauth2.client.web.OAuth2LoginAuthenticationFilter@6041b4bd, org.springframework.security.web.authentication.ui.DefaultLoginPageGeneratingFilter@3ff2a376, org.springframework.security.web.authentication.ui.DefaultLogoutPageGeneratingFilter@16924490, org.springframework.security.web.savedrequest.RequestCacheAwareFilter@33c7205a, org.springframework.security.web.servletapi.SecurityContextHolderAwareRequestFilter@2d4abc22, org.springframework.security.web.authentication.AnonymousAuthenticationFilter@55fa4e88, org.springframework.security.web.session.SessionManagementFilter@70ec58cd, org.springframework.security.web.access.ExceptionTranslationFilter@280ed0f, org.springframework.security.web.access.intercept.FilterSecurityInterceptor@1e2003c1]
2021-03-14 00:54:27.144  INFO 17156 --- [    Test worker] o.s.s.concurrent.ThreadPoolTaskExecutor  : Initializing ExecutorService 'applicationTaskExecutor'
2021-03-14 00:54:27.158  INFO 17156 --- [    Test worker] o.s.b.a.h2.H2ConsoleAutoConfiguration    : H2 console available at '/h2-console'. Database available at 'jdbc:h2:mem://localhost/~/testdb'
2021-03-14 00:54:27.185  INFO 17156 --- [    Test worker] o.s.b.a.w.s.WelcomePageHandlerMapping    : Adding welcome page template: index
2021-03-14 00:54:27.380  INFO 17156 --- [    Test worker] s.a.ScheduledAnnotationBeanPostProcessor : No TaskScheduler/ScheduledExecutorService bean found for scheduled processing
2021-03-14 00:54:27.385  INFO 17156 --- [    Test worker] c.o.a.v.d.posts.PostsRepositoryTest      : Started PostsRepositoryTest in 2.132 seconds (JVM running for 4.981)
Hibernate: insert into posts (create_date, modified_date, author, content, title) values (?, ?, ?, ?, ?)
Hibernate: select posts0_.id as id1_0_, posts0_.create_date as create_d2_0_, posts0_.modified_date as modified3_0_, posts0_.author as author4_0_, posts0_.content as content5_0_, posts0_.title as title6_0_ from posts posts0_
Hibernate: select posts0_.id as id1_0_, posts0_.create_date as create_d2_0_, posts0_.modified_date as modified3_0_, posts0_.author as author4_0_, posts0_.content as content5_0_, posts0_.title as title6_0_ from posts posts0_
Hibernate: delete from posts where id=?
Hibernate: insert into posts (create_date, modified_date, author, content, title) values (?, ?, ?, ?, ?)
Hibernate: select posts0_.id as id1_0_, posts0_.create_date as create_d2_0_, posts0_.modified_date as modified3_0_, posts0_.author as author4_0_, posts0_.content as content5_0_, posts0_.title as title6_0_ from posts posts0_
>>>>>>>>>>> createDate=2021-03-14T00:54:27.524173, modifiedDate=2021-03-14T00:54:27.524173
Hibernate: select posts0_.id as id1_0_, posts0_.create_date as create_d2_0_, posts0_.modified_date as modified3_0_, posts0_.author as author4_0_, posts0_.content as content5_0_, posts0_.title as title6_0_ from posts posts0_
Hibernate: delete from posts where id=?
]]></system-out>
  <system-err><![CDATA[]]></system-err>
</testsuite>
